<?xml version="1.0" encoding="UTF-8"?>
<!-- Generated by org.testng.reporters.JUnitReportReporter -->
<testsuite hostname="DESKTOP-V62BBK2" failures="0" tests="1" name="test.TestCalculator" time="7.501" errors="0" timestamp="2023-01-12T12:44:29 IST" skipped="0">
  <testcase classname="test.TestCalculator" name="startCalculator" time="7.501"/>
  <system-out/>
</testsuite> <!-- test.TestCalculator -->
