<?xml version="1.0" encoding="UTF-8"?>
<!-- Generated by org.testng.reporters.JUnitReportReporter -->
<testsuite hostname="DESKTOP-V62BBK2" failures="0" tests="1" name="pageObjectModel.TestCalculator" time="7.229" errors="0" timestamp="2023-01-12T11:44:28 IST" skipped="0">
  <testcase classname="pageObjectModel.TestCalculator" name="startCalculator" time="7.229"/>
  <system-out/>
</testsuite> <!-- pageObjectModel.TestCalculator -->
